warning: Git tree '/home/petar/code/repos/mine/sparkles-research-window-system' is dirty
2 f14_state_win32 init_start
147 f14_state_win32 mode auto_exit=1
6540 f14_state_win32 msg name=WM_GETMINMAXINFO maxSize=1032x776 maxPos=-4,-4
7224 f14_state_win32 window_created hwnd=000000000002005E
7457 f14_state_win32 msg name=WM_SHOWWINDOW shown=1
7665 f14_state_win32 msg name=WM_WINDOWPOSCHANGING rect=0,0-0x0 flags=0x43
8112 f14_state_win32 msg name=WM_ACTIVATEAPP active=1
8831 f14_state_win32 focus state=WA_ACTIVE reason=WM_ACTIVATE minimized=0 other=0000000000000000
11161 f14_state_win32 focus state=in reason=WM_SETFOCUS prev=0000000000000000
11617 f14_state_win32 msg name=WM_WINDOWPOSCHANGED rect=60,40-480x320 flags=0x1847
11950 f14_state_win32 state_changed via=WM_SIZE kind=SIZE_RESTORED size=472x286
12267 f14_state_win32 buffer_alloc size=472x286
415125 f14_state_win32 placement when=initial showCmd=SW_SHOWNORMAL normal_rect=60,40-480x320 iconic=0 zoomed=0
814595 f14_state_win32 state_request kind=maximize api=ShowWindow(SW_MAXIMIZE)
815146 f14_state_win32 msg name=WM_GETMINMAXINFO maxSize=1032x776 maxPos=-4,-4
815561 f14_state_win32 msg name=WM_WINDOWPOSCHANGING rect=-4,-4-1032x776 flags=0x8020
815981 f14_state_win32 msg name=WM_GETMINMAXINFO maxSize=1032x776 maxPos=-4,-4
817799 f14_state_win32 msg name=WM_WINDOWPOSCHANGED rect=-4,-4-1032x776 flags=0x8020
818143 f14_state_win32 state_changed via=WM_SIZE kind=SIZE_MAXIMIZED size=1024x742
818516 f14_state_win32 buffer_alloc size=1024x742
818722 f14_state_win32 placement when=after_maximize showCmd=SW_SHOWMAXIMIZED normal_rect=60,40-480x320 iconic=0 zoomed=1
820463 f14_state_win32 msg name=WM_WINDOWPOSCHANGED rect=-4,-4-1024x736 flags=0x1636
820804 f14_state_win32 state_changed via=WM_SIZE kind=SIZE_MAXIMIZED size=1016x702
821140 f14_state_win32 buffer_alloc size=1016x702
1214656 f14_state_win32 state_request kind=restore api=ShowWindow(SW_RESTORE)
1215009 f14_state_win32 msg name=WM_WINDOWPOSCHANGING rect=60,40-480x320 flags=0x8020
1215377 f14_state_win32 msg name=WM_GETMINMAXINFO maxSize=1032x776 maxPos=-4,-4
1216451 f14_state_win32 msg name=WM_WINDOWPOSCHANGED rect=60,40-480x320 flags=0x8024
1216793 f14_state_win32 state_changed via=WM_SIZE kind=SIZE_RESTORED size=472x286
1217248 f14_state_win32 buffer_alloc size=472x286
1217444 f14_state_win32 placement when=after_restore showCmd=SW_SHOWNORMAL normal_rect=60,40-480x320 iconic=0 zoomed=0
1217934 f14_state_win32 msg name=WM_WINDOWPOSCHANGING rect=60,40-0x0 flags=0x237
1220024 f14_state_win32 msg name=WM_WINDOWPOSCHANGED rect=60,40-480x320 flags=0x1a37
1614642 f14_state_win32 state_request kind=minimize api=ShowWindow(SW_MINIMIZE)
1615081 f14_state_win32 focus state=out reason=WM_KILLFOCUS next=0000000000000000
1615763 f14_state_win32 msg name=WM_WINDOWPOSCHANGING rect=-32000,-32000-160x31 flags=0x8174
1616157 f14_state_win32 msg name=WM_GETMINMAXINFO maxSize=1032x776 maxPos=-4,-4
1616748 f14_state_win32 msg name=WM_WINDOWPOSCHANGED rect=-32000,-32000-160x31 flags=0x8134
1617114 f14_state_win32 state_changed via=WM_SIZE kind=SIZE_MINIMIZED size=0x0
1617436 f14_state_win32 placement when=after_minimize showCmd=SW_SHOWMINIMIZED normal_rect=60,40-480x320 iconic=1 zoomed=0
1617932 f14_state_win32 focus_probe foreground=000000000002005E focus=0000000000000000 self=000000000002005E
2014616 f14_state_win32 state_request kind=restore api=ShowWindow(SW_RESTORE)
2014967 f14_state_win32 msg name=WM_WINDOWPOSCHANGING rect=60,40-480x320 flags=0x8120
2015339 f14_state_win32 msg name=WM_GETMINMAXINFO maxSize=1032x776 maxPos=-4,-4
2016581 f14_state_win32 msg name=WM_WINDOWPOSCHANGED rect=60,40-480x320 flags=0x8124
2016933 f14_state_win32 state_changed via=WM_SIZE kind=SIZE_RESTORED size=472x286
2017267 f14_state_win32 focus state=in reason=WM_SETFOCUS prev=0000000000000000
2017582 f14_state_win32 focus state=WA_ACTIVE reason=WM_ACTIVATE minimized=0 other=0000000000000000
2017971 f14_state_win32 placement when=after_restore showCmd=SW_SHOWNORMAL normal_rect=60,40-480x320 iconic=0 zoomed=0
2414506 f14_state_win32 state_request kind=fullscreen_enter monitor=0,0-1024x768 saved_rect=60,40-480x320
2414984 f14_state_win32 msg name=WM_WINDOWPOSCHANGING rect=0,0-1024x768 flags=0x220
2415333 f14_state_win32 msg name=WM_GETMINMAXINFO maxSize=1024x768 maxPos=0,0
2416330 f14_state_win32 msg name=WM_WINDOWPOSCHANGED rect=0,0-1024x768 flags=0x224
2416667 f14_state_win32 state_changed via=WM_SIZE kind=SIZE_RESTORED size=1024x768
2417035 f14_state_win32 buffer_alloc size=1024x768
2417236 f14_state_win32 placement when=fullscreen_enter showCmd=SW_SHOWNORMAL normal_rect=0,0-1024x768 iconic=0 zoomed=0
error marshalling arguments for lock_pointer (signature noo?ou): null value passed for arg 2
Error marshalling request for zwp_pointer_constraints_v1.lock_pointer: Invalid argument
2420555 f14_state_win32 msg name=WM_WINDOWPOSCHANGED rect=0,0-1024x768 flags=0x1e37
2815141 f14_state_win32 state_request kind=fullscreen_exit
2815438 f14_state_win32 msg name=WM_WINDOWPOSCHANGING rect=60,40-480x320 flags=0x224
2815811 f14_state_win32 msg name=WM_GETMINMAXINFO maxSize=1032x776 maxPos=-4,-4
2816893 f14_state_win32 msg name=WM_WINDOWPOSCHANGED rect=60,40-480x320 flags=0x224
2817231 f14_state_win32 state_changed via=WM_SIZE kind=SIZE_RESTORED size=472x286
2817783 f14_state_win32 buffer_alloc size=472x286
2817980 f14_state_win32 placement when=fullscreen_exit showCmd=SW_SHOWNORMAL normal_rect=60,40-480x320 iconic=0 zoomed=0
3214512 f14_state_win32 dirty set=1
3214679 f14_state_win32 state_request kind=close api=WM_SYSCOMMAND(SC_CLOSE) attempt=1
3215027 f14_state_win32 msg name=WM_SYSCOMMAND cmd=0xf060
3215260 f14_state_win32 close_requested veto=1 src=self_syscommand dirty=1
3615444 f14_state_win32 state_request kind=close api=WM_SYSCOMMAND(SC_CLOSE) attempt=2
3615820 f14_state_win32 msg name=WM_SYSCOMMAND cmd=0xf060
3616050 f14_state_win32 close_requested veto=0 src=self_syscommand dirty=0
3616345 f14_state_win32 msg name=WM_WINDOWPOSCHANGING rect=0,0-0x0 flags=0x97
3616752 f14_state_win32 msg name=WM_WINDOWPOSCHANGED rect=60,40-480x320 flags=0x1897
3617323 f14_state_win32 focus state=WA_INACTIVE reason=WM_ACTIVATE minimized=0 other=0000000000000000
3617744 f14_state_win32 msg name=WM_ACTIVATEAPP active=0
3618018 f14_state_win32 focus state=out reason=WM_KILLFOCUS next=0000000000000000
3618348 f14_state_win32 msg name=WM_DESTROY
3618948 f14_state_win32 exit code=0
